<?xml version="1.0" encoding="UTF-8"?>
<!-- Generated by org.testng.reporters.JUnitXMLReporter -->
<testsuite hostname="AXQC-L24" ignored="0" name="Test_1" tests="4" failures="0" timestamp="15 Apr 2021 16:19:26 GMT" time="69.545" errors="0">
  <testcase name="loginWithEmptyUserNameAndPassword" time="5.111" classname="test.LoginTest"/>
  <testcase name="loginWithInvalidEmail" time="4.958" classname="test.LoginTest"/>
  <testcase name="loginWithWrongPassword" time="5.069" classname="test.LoginTest"/>
  <testcase name="loginWithExactlyPassword" time="5.273" classname="test.LoginTest"/>
</testsuite> <!-- Test_1 -->
