<?xml version="1.0" encoding="UTF-8"?>
<testng-results skipped="0" failed="0" ignored="0" total="4" passed="4">
  <reporter-output>
  </reporter-output>
  <suite name="test" duration-ms="69545" started-at="2021-04-15T16:18:17Z" finished-at="2021-04-15T16:19:26Z">
    <groups>
    </groups>
    <test name="Test_1" duration-ms="69545" started-at="2021-04-15T16:18:17Z" finished-at="2021-04-15T16:19:26Z">
      <class name="test.LoginTest">
        <test-method status="PASS" signature="setup()[pri:0, instance:test.LoginTest@39ba5a14]" name="setup" is-config="true" duration-ms="11951" started-at="2021-04-15T16:18:17Z" finished-at="2021-04-15T16:18:29Z">
          <reporter-output>
          </reporter-output>
        </test-method> <!-- setup -->
        <test-method status="PASS" signature="loginWithEmptyUserNameAndPassword()[pri:0, instance:test.LoginTest@39ba5a14]" name="loginWithEmptyUserNameAndPassword" duration-ms="5111" started-at="2021-04-15T16:18:29Z" finished-at="2021-04-15T16:18:34Z">
          <reporter-output>
          </reporter-output>
        </test-method> <!-- loginWithEmptyUserNameAndPassword -->
        <test-method status="PASS" signature="closeBrowser()[pri:0, instance:test.LoginTest@39ba5a14]" name="closeBrowser" is-config="true" duration-ms="569" started-at="2021-04-15T16:18:34Z" finished-at="2021-04-15T16:18:34Z">
          <reporter-output>
          </reporter-output>
        </test-method> <!-- closeBrowser -->
        <test-method status="PASS" signature="setup()[pri:0, instance:test.LoginTest@39ba5a14]" name="setup" is-config="true" duration-ms="12605" started-at="2021-04-15T16:18:34Z" finished-at="2021-04-15T16:18:47Z">
          <reporter-output>
          </reporter-output>
        </test-method> <!-- setup -->
        <test-method status="PASS" signature="loginWithInvalidEmail()[pri:1, instance:test.LoginTest@39ba5a14]" name="loginWithInvalidEmail" duration-ms="4958" started-at="2021-04-15T16:18:47Z" finished-at="2021-04-15T16:18:52Z">
          <reporter-output>
          </reporter-output>
        </test-method> <!-- loginWithInvalidEmail -->
        <test-method status="PASS" signature="closeBrowser()[pri:0, instance:test.LoginTest@39ba5a14]" name="closeBrowser" is-config="true" duration-ms="567" started-at="2021-04-15T16:18:52Z" finished-at="2021-04-15T16:18:53Z">
          <reporter-output>
          </reporter-output>
        </test-method> <!-- closeBrowser -->
        <test-method status="PASS" signature="setup()[pri:0, instance:test.LoginTest@39ba5a14]" name="setup" is-config="true" duration-ms="11013" started-at="2021-04-15T16:18:53Z" finished-at="2021-04-15T16:19:04Z">
          <reporter-output>
          </reporter-output>
        </test-method> <!-- setup -->
        <test-method status="PASS" signature="loginWithWrongPassword()[pri:2, instance:test.LoginTest@39ba5a14]" name="loginWithWrongPassword" duration-ms="5069" started-at="2021-04-15T16:19:04Z" finished-at="2021-04-15T16:19:09Z">
          <reporter-output>
          </reporter-output>
        </test-method> <!-- loginWithWrongPassword -->
        <test-method status="PASS" signature="closeBrowser()[pri:0, instance:test.LoginTest@39ba5a14]" name="closeBrowser" is-config="true" duration-ms="579" started-at="2021-04-15T16:19:09Z" finished-at="2021-04-15T16:19:09Z">
          <reporter-output>
          </reporter-output>
        </test-method> <!-- closeBrowser -->
        <test-method status="PASS" signature="setup()[pri:0, instance:test.LoginTest@39ba5a14]" name="setup" is-config="true" duration-ms="11249" started-at="2021-04-15T16:19:09Z" finished-at="2021-04-15T16:19:20Z">
          <reporter-output>
          </reporter-output>
        </test-method> <!-- setup -->
        <test-method status="PASS" signature="loginWithExactlyPassword()[pri:3, instance:test.LoginTest@39ba5a14]" name="loginWithExactlyPassword" duration-ms="5273" started-at="2021-04-15T16:19:20Z" finished-at="2021-04-15T16:19:26Z">
          <reporter-output>
          </reporter-output>
        </test-method> <!-- loginWithExactlyPassword -->
        <test-method status="PASS" signature="closeBrowser()[pri:0, instance:test.LoginTest@39ba5a14]" name="closeBrowser" is-config="true" duration-ms="584" started-at="2021-04-15T16:19:26Z" finished-at="2021-04-15T16:19:26Z">
          <reporter-output>
          </reporter-output>
        </test-method> <!-- closeBrowser -->
      </class> <!-- test.LoginTest -->
    </test> <!-- Test_1 -->
  </suite> <!-- test -->
</testng-results>
